16:01:25  -->> EXPORTING <<-- 
16:01:25 -->> Nothing from above <<--
16:01:25 -->> [highcharts-convert.js] createChart() function [START] <<--
16:01:25 Highcharts.options.parsed
16:01:25 Highcharts.customCode.parsed
16:01:25 -->> Rendering the Highcharts chart (type: GAUGE) [START]<<--
16:01:26 -->> Rendering the Highcharts chart (type: GAUGE) [END]<<--
16:01:26 -->> [highcharts-convert.js] createChart() function [END] <<--
16:01:26 >> CHART TYPE: Highcharts <<
16:01:26 Operating system on which the server runs is Linux:
16:01:26 true
16:26:14  -->> EXPORTING <<-- 
16:26:14 -->> Nothing from above <<--
16:26:15 -->> [highcharts-convert.js] createChart() function [START] <<--
16:26:15 ERROR: SyntaxError: Unexpected EOF
TRACE:
 -> undefined: 44 (in function "appendChild")
 -> : 11 (in function "loadScript")
 -> : 27
 -> : 192
16:26:15 Highcharts.customCode.parsed
16:26:15 ERROR: ReferenceError: Can't find variable: options
TRACE:
 -> undefined: 65
 -> : 192
10:55:22  -->> EXPORTING <<-- 
10:55:22 -->> Nothing from above <<--
10:55:22 -->> [highcharts-convert.js] createChart() function [START] <<--
10:55:22 Highcharts.options.parsed
10:55:22 Highcharts.customCode.parsed
10:55:22 -->> Rendering the Highcharts chart (type: COLUMN) [START]<<--
10:55:22 -->> Rendering the Highcharts chart (type: COLUMN) [END]<<--
10:55:22 -->> [highcharts-convert.js] createChart() function [END] <<--
10:55:22 >> CHART TYPE: Highcharts <<
10:55:22 Operating system on which the server runs is Linux:
10:55:22 true
18:33:36  -->> EXPORTING <<-- 
18:33:36 -->> Nothing from above <<--
18:33:36 -->> [highcharts-convert.js] createChart() function [START] <<--
18:33:36 Highcharts.options.parsed
18:33:36 Highcharts.customCode.parsed
18:33:36 -->> Rendering the Highcharts chart (type: BAR) [START]<<--
18:33:36 -->> Rendering the Highcharts chart (type: BAR) [END]<<--
18:33:36 ERROR: TypeError: undefined is not an object (evaluating '$('div.highcharts-container')[0].innerHTML')
TRACE:
 -> undefined: 182
 -> : 192
