16:30:08  -->> EXPORTING <<-- 
16:30:08 -->> params.documentLabel exists <<--
16:30:08 directUrl: https://spagobitest:48081/knowage/restful-services/publish?PUBLISHER=/WEB-INF/jsp/tools/documentexecution/documentExecutionNg.jsp&OBJECT_ID=2381&OBJECT_LABEL=asd&SELECTED_ROLE=/demo/admin&IS_FOR_EXPORT=true&hmac_user_name=demo_admin
16:30:10 generating png
16:30:10 urlToCall=https://spagobitest:48081/cas/login?service=https%3A%2F%2Fspagobitest%3A48081%2Fknowage%2Frestful-services%2Fpublish%3FPUBLISHER%3D%2FWEB-INF%2Fjsp%2Ftools%2Fdocumentexecution%2FdocumentExecutionNg.jsp%26OBJECT_ID%3D2381%26OBJECT_LABEL%3Dasd%26SELECTED_ROLE%3D%2Fdemo%2Fadmin%26IS_FOR_EXPORT%3Dtrue%26hmac_user_name%3Ddemo_admin
16:30:10 load started
16:30:10 load finished
16:30:10 loadInProgress=0
16:30:10 curr=https://spagobitest:48081/cas/login?service=https%3A%2F%2Fspagobitest%3A48081%2Fknowage%2Frestful-services%2Fpublish%3FPUBLISHER%3D%2FWEB-INF%2Fjsp%2Ftools%2Fdocumentexecution%2FdocumentExecutionNg.jsp%26OBJECT_ID%3D2381%26OBJECT_LABEL%3Dasd%26SELECTED_ROLE%3D%2Fdemo%2Fadmin%26IS_FOR_EXPORT%3Dtrue%26hmac_user_name%3Ddemo_admin
16:30:10 >> > condition: false
16:30:11 loadInProgress=0
16:30:11 curr=https://spagobitest:48081/cas/login?service=https%3A%2F%2Fspagobitest%3A48081%2Fknowage%2Frestful-services%2Fpublish%3FPUBLISHER%3D%2FWEB-INF%2Fjsp%2Ftools%2Fdocumentexecution%2FdocumentExecutionNg.jsp%26OBJECT_ID%3D2381%26OBJECT_LABEL%3Dasd%26SELECTED_ROLE%3D%2Fdemo%2Fadmin%26IS_FOR_EXPORT%3Dtrue%26hmac_user_name%3Ddemo_admin
16:30:11 >> > condition: false
16:30:11 loadInProgress=0
16:30:11 curr=https://spagobitest:48081/cas/login?service=https%3A%2F%2Fspagobitest%3A48081%2Fknowage%2Frestful-services%2Fpublish%3FPUBLISHER%3D%2FWEB-INF%2Fjsp%2Ftools%2Fdocumentexecution%2FdocumentExecutionNg.jsp%26OBJECT_ID%3D2381%26OBJECT_LABEL%3Dasd%26SELECTED_ROLE%3D%2Fdemo%2Fadmin%26IS_FOR_EXPORT%3Dtrue%26hmac_user_name%3Ddemo_admin
16:30:11 >> > condition: false
16:30:11 loadInProgress=0
16:30:11 curr=https://spagobitest:48081/cas/login?service=https%3A%2F%2Fspagobitest%3A48081%2Fknowage%2Frestful-services%2Fpublish%3FPUBLISHER%3D%2FWEB-INF%2Fjsp%2Ftools%2Fdocumentexecution%2FdocumentExecutionNg.jsp%26OBJECT_ID%3D2381%26OBJECT_LABEL%3Dasd%26SELECTED_ROLE%3D%2Fdemo%2Fadmin%26IS_FOR_EXPORT%3Dtrue%26hmac_user_name%3Ddemo_admin
16:30:11 >> > condition: false
16:30:11 loadInProgress=0
16:30:11 curr=https://spagobitest:48081/cas/login?service=https%3A%2F%2Fspagobitest%3A48081%2Fknowage%2Frestful-services%2Fpublish%3FPUBLISHER%3D%2FWEB-INF%2Fjsp%2Ftools%2Fdocumentexecution%2FdocumentExecutionNg.jsp%26OBJECT_ID%3D2381%26OBJECT_LABEL%3Dasd%26SELECTED_ROLE%3D%2Fdemo%2Fadmin%26IS_FOR_EXPORT%3Dtrue%26hmac_user_name%3Ddemo_admin
16:30:11 >> > condition: false
16:30:12 loadInProgress=0
16:30:12 curr=https://spagobitest:48081/cas/login?service=https%3A%2F%2Fspagobitest%3A48081%2Fknowage%2Frestful-services%2Fpublish%3FPUBLISHER%3D%2FWEB-INF%2Fjsp%2Ftools%2Fdocumentexecution%2FdocumentExecutionNg.jsp%26OBJECT_ID%3D2381%26OBJECT_LABEL%3Dasd%26SELECTED_ROLE%3D%2Fdemo%2Fadmin%26IS_FOR_EXPORT%3Dtrue%26hmac_user_name%3Ddemo_admin
16:30:12 >> > condition: false
16:30:12 loadInProgress=0
16:30:12 curr=https://spagobitest:48081/cas/login?service=https%3A%2F%2Fspagobitest%3A48081%2Fknowage%2Frestful-services%2Fpublish%3FPUBLISHER%3D%2FWEB-INF%2Fjsp%2Ftools%2Fdocumentexecution%2FdocumentExecutionNg.jsp%26OBJECT_ID%3D2381%26OBJECT_LABEL%3Dasd%26SELECTED_ROLE%3D%2Fdemo%2Fadmin%26IS_FOR_EXPORT%3Dtrue%26hmac_user_name%3Ddemo_admin
16:30:12 >> > condition: false
16:30:12 loadInProgress=0
16:30:12 curr=https://spagobitest:48081/cas/login?service=https%3A%2F%2Fspagobitest%3A48081%2Fknowage%2Frestful-services%2Fpublish%3FPUBLISHER%3D%2FWEB-INF%2Fjsp%2Ftools%2Fdocumentexecution%2FdocumentExecutionNg.jsp%26OBJECT_ID%3D2381%26OBJECT_LABEL%3Dasd%26SELECTED_ROLE%3D%2Fdemo%2Fadmin%26IS_FOR_EXPORT%3Dtrue%26hmac_user_name%3Ddemo_admin
16:30:12 >> > condition: false
16:30:12 loadInProgress=0
16:30:12 curr=https://spagobitest:48081/cas/login?service=https%3A%2F%2Fspagobitest%3A48081%2Fknowage%2Frestful-services%2Fpublish%3FPUBLISHER%3D%2FWEB-INF%2Fjsp%2Ftools%2Fdocumentexecution%2FdocumentExecutionNg.jsp%26OBJECT_ID%3D2381%26OBJECT_LABEL%3Dasd%26SELECTED_ROLE%3D%2Fdemo%2Fadmin%26IS_FOR_EXPORT%3Dtrue%26hmac_user_name%3Ddemo_admin
16:30:12 >> > condition: false
16:30:13 loadInProgress=0
16:30:13 curr=https://spagobitest:48081/cas/login?service=https%3A%2F%2Fspagobitest%3A48081%2Fknowage%2Frestful-services%2Fpublish%3FPUBLISHER%3D%2FWEB-INF%2Fjsp%2Ftools%2Fdocumentexecution%2FdocumentExecutionNg.jsp%26OBJECT_ID%3D2381%26OBJECT_LABEL%3Dasd%26SELECTED_ROLE%3D%2Fdemo%2Fadmin%26IS_FOR_EXPORT%3Dtrue%26hmac_user_name%3Ddemo_admin
16:30:13 >> > condition: false
16:30:13 loadInProgress=0
16:30:13 curr=https://spagobitest:48081/cas/login?service=https%3A%2F%2Fspagobitest%3A48081%2Fknowage%2Frestful-services%2Fpublish%3FPUBLISHER%3D%2FWEB-INF%2Fjsp%2Ftools%2Fdocumentexecution%2FdocumentExecutionNg.jsp%26OBJECT_ID%3D2381%26OBJECT_LABEL%3Dasd%26SELECTED_ROLE%3D%2Fdemo%2Fadmin%26IS_FOR_EXPORT%3Dtrue%26hmac_user_name%3Ddemo_admin
16:30:13 >> > condition: false
16:30:13 load started
16:30:13 loadInProgress=1
16:30:13 curr=https://spagobitest:48081/cas/login?service=https%3A%2F%2Fspagobitest%3A48081%2Fknowage%2Frestful-services%2Fpublish%3FPUBLISHER%3D%2FWEB-INF%2Fjsp%2Ftools%2Fdocumentexecution%2FdocumentExecutionNg.jsp%26OBJECT_ID%3D2381%26OBJECT_LABEL%3Dasd%26SELECTED_ROLE%3D%2Fdemo%2Fadmin%26IS_FOR_EXPORT%3Dtrue%26hmac_user_name%3Ddemo_admin
16:30:13 >> > condition: false
16:30:13 load finished
16:30:13 loadInProgress=0
16:30:13 curr=https://spagobitest:48081/knowage/restful-services/publish;jsessionid=1D4B7BFC55FD70D8F8535D3C68C160B1?PUBLISHER=/WEB-INF/jsp/tools/documentexecution/documentExecutionNg.jsp&OBJECT_ID=2381&OBJECT_LABEL=asd&SELECTED_ROLE=/demo/admin&IS_FOR_EXPORT=true&hmac_user_name=demo_admin
16:30:13 >> > condition: false
16:30:14 loadInProgress=0
16:30:14 curr=https://spagobitest:48081/knowage/restful-services/publish;jsessionid=1D4B7BFC55FD70D8F8535D3C68C160B1?PUBLISHER=/WEB-INF/jsp/tools/documentexecution/documentExecutionNg.jsp&OBJECT_ID=2381&OBJECT_LABEL=asd&SELECTED_ROLE=/demo/admin&IS_FOR_EXPORT=true&hmac_user_name=demo_admin
16:30:14 >> > condition: false
16:30:14 loadInProgress=0
16:30:14 curr=https://spagobitest:48081/knowage/restful-services/publish;jsessionid=1D4B7BFC55FD70D8F8535D3C68C160B1?PUBLISHER=/WEB-INF/jsp/tools/documentexecution/documentExecutionNg.jsp&OBJECT_ID=2381&OBJECT_LABEL=asd&SELECTED_ROLE=/demo/admin&IS_FOR_EXPORT=true&hmac_user_name=demo_admin
16:30:14 >> > condition: false
16:30:14 loadInProgress=0
16:30:14 curr=https://spagobitest:48081/knowage/restful-services/publish;jsessionid=1D4B7BFC55FD70D8F8535D3C68C160B1?PUBLISHER=/WEB-INF/jsp/tools/documentexecution/documentExecutionNg.jsp&OBJECT_ID=2381&OBJECT_LABEL=asd&SELECTED_ROLE=/demo/admin&IS_FOR_EXPORT=true&hmac_user_name=demo_admin
16:30:14 >> > condition: false
16:30:14 loadInProgress=0
16:30:14 curr=https://spagobitest:48081/knowage/restful-services/publish;jsessionid=1D4B7BFC55FD70D8F8535D3C68C160B1?PUBLISHER=/WEB-INF/jsp/tools/documentexecution/documentExecutionNg.jsp&OBJECT_ID=2381&OBJECT_LABEL=asd&SELECTED_ROLE=/demo/admin&IS_FOR_EXPORT=true&hmac_user_name=demo_admin
16:30:14 >> > condition: false
16:30:15 loadInProgress=0
16:30:15 curr=https://spagobitest:48081/knowage/restful-services/publish;jsessionid=1D4B7BFC55FD70D8F8535D3C68C160B1?PUBLISHER=/WEB-INF/jsp/tools/documentexecution/documentExecutionNg.jsp&OBJECT_ID=2381&OBJECT_LABEL=asd&SELECTED_ROLE=/demo/admin&IS_FOR_EXPORT=true&hmac_user_name=demo_admin
16:30:15 >> > condition: false
16:30:15 loadInProgress=0
16:30:15 curr=https://spagobitest:48081/knowage/restful-services/publish;jsessionid=1D4B7BFC55FD70D8F8535D3C68C160B1?PUBLISHER=/WEB-INF/jsp/tools/documentexecution/documentExecutionNg.jsp&OBJECT_ID=2381&OBJECT_LABEL=asd&SELECTED_ROLE=/demo/admin&IS_FOR_EXPORT=true&hmac_user_name=demo_admin
16:30:15 >> > condition: false
16:30:15 loadInProgress=0
16:30:15 curr=https://spagobitest:48081/knowage/restful-services/publish;jsessionid=1D4B7BFC55FD70D8F8535D3C68C160B1?PUBLISHER=/WEB-INF/jsp/tools/documentexecution/documentExecutionNg.jsp&OBJECT_ID=2381&OBJECT_LABEL=asd&SELECTED_ROLE=/demo/admin&IS_FOR_EXPORT=true&hmac_user_name=demo_admin
16:30:15 >> > condition: false
16:30:15 loadInProgress=0
16:30:15 curr=https://spagobitest:48081/knowage/restful-services/publish;jsessionid=1D4B7BFC55FD70D8F8535D3C68C160B1?PUBLISHER=/WEB-INF/jsp/tools/documentexecution/documentExecutionNg.jsp&OBJECT_ID=2381&OBJECT_LABEL=asd&SELECTED_ROLE=/demo/admin&IS_FOR_EXPORT=true&hmac_user_name=demo_admin
16:30:15 >> > condition: false
16:30:16 loadInProgress=0
16:30:16 curr=https://spagobitest:48081/knowage/restful-services/publish;jsessionid=1D4B7BFC55FD70D8F8535D3C68C160B1?PUBLISHER=/WEB-INF/jsp/tools/documentexecution/documentExecutionNg.jsp&OBJECT_ID=2381&OBJECT_LABEL=asd&SELECTED_ROLE=/demo/admin&IS_FOR_EXPORT=true&hmac_user_name=demo_admin
16:30:16 >> > condition: false
16:30:16 loadInProgress=0
16:30:16 curr=https://spagobitest:48081/knowage/restful-services/publish;jsessionid=1D4B7BFC55FD70D8F8535D3C68C160B1?PUBLISHER=/WEB-INF/jsp/tools/documentexecution/documentExecutionNg.jsp&OBJECT_ID=2381&OBJECT_LABEL=asd&SELECTED_ROLE=/demo/admin&IS_FOR_EXPORT=true&hmac_user_name=demo_admin
16:30:16 >> > condition: false
16:30:16 loadInProgress=0
16:30:16 curr=https://spagobitest:48081/knowage/restful-services/publish;jsessionid=1D4B7BFC55FD70D8F8535D3C68C160B1?PUBLISHER=/WEB-INF/jsp/tools/documentexecution/documentExecutionNg.jsp&OBJECT_ID=2381&OBJECT_LABEL=asd&SELECTED_ROLE=/demo/admin&IS_FOR_EXPORT=true&hmac_user_name=demo_admin
16:30:16 >> > condition: false
16:30:16 loadInProgress=0
16:30:16 curr=https://spagobitest:48081/knowage/restful-services/publish;jsessionid=1D4B7BFC55FD70D8F8535D3C68C160B1?PUBLISHER=/WEB-INF/jsp/tools/documentexecution/documentExecutionNg.jsp&OBJECT_ID=2381&OBJECT_LABEL=asd&SELECTED_ROLE=/demo/admin&IS_FOR_EXPORT=true&hmac_user_name=demo_admin
16:30:16 >> > condition: false
16:30:17 loadInProgress=0
16:30:17 curr=https://spagobitest:48081/knowage/restful-services/publish;jsessionid=1D4B7BFC55FD70D8F8535D3C68C160B1?PUBLISHER=/WEB-INF/jsp/tools/documentexecution/documentExecutionNg.jsp&OBJECT_ID=2381&OBJECT_LABEL=asd&SELECTED_ROLE=/demo/admin&IS_FOR_EXPORT=true&hmac_user_name=demo_admin
16:30:17 >> > condition: false
16:30:17 loadInProgress=0
16:30:17 curr=https://spagobitest:48081/knowage/restful-services/publish;jsessionid=1D4B7BFC55FD70D8F8535D3C68C160B1?PUBLISHER=/WEB-INF/jsp/tools/documentexecution/documentExecutionNg.jsp&OBJECT_ID=2381&OBJECT_LABEL=asd&SELECTED_ROLE=/demo/admin&IS_FOR_EXPORT=true&hmac_user_name=demo_admin
16:30:17 >> > condition: false
16:30:17 loadInProgress=0
16:30:17 curr=https://spagobitest:48081/knowage/restful-services/publish;jsessionid=1D4B7BFC55FD70D8F8535D3C68C160B1?PUBLISHER=/WEB-INF/jsp/tools/documentexecution/documentExecutionNg.jsp&OBJECT_ID=2381&OBJECT_LABEL=asd&SELECTED_ROLE=/demo/admin&IS_FOR_EXPORT=true&hmac_user_name=demo_admin
16:30:17 >> > condition: false
16:30:17 loadInProgress=0
16:30:17 curr=https://spagobitest:48081/knowage/restful-services/publish;jsessionid=1D4B7BFC55FD70D8F8535D3C68C160B1?PUBLISHER=/WEB-INF/jsp/tools/documentexecution/documentExecutionNg.jsp&OBJECT_ID=2381&OBJECT_LABEL=asd&SELECTED_ROLE=/demo/admin&IS_FOR_EXPORT=true&hmac_user_name=demo_admin
16:30:17 >> > condition: false
16:30:18 loadInProgress=0
16:30:18 curr=https://spagobitest:48081/knowage/restful-services/publish;jsessionid=1D4B7BFC55FD70D8F8535D3C68C160B1?PUBLISHER=/WEB-INF/jsp/tools/documentexecution/documentExecutionNg.jsp&OBJECT_ID=2381&OBJECT_LABEL=asd&SELECTED_ROLE=/demo/admin&IS_FOR_EXPORT=true&hmac_user_name=demo_admin
16:30:18 >> > condition: false
16:30:18 loadInProgress=0
16:30:18 curr=https://spagobitest:48081/knowage/restful-services/publish;jsessionid=1D4B7BFC55FD70D8F8535D3C68C160B1?PUBLISHER=/WEB-INF/jsp/tools/documentexecution/documentExecutionNg.jsp&OBJECT_ID=2381&OBJECT_LABEL=asd&SELECTED_ROLE=/demo/admin&IS_FOR_EXPORT=true&hmac_user_name=demo_admin
16:30:18 >> > condition: false
16:30:18 loadInProgress=0
16:30:18 curr=https://spagobitest:48081/knowage/restful-services/publish;jsessionid=1D4B7BFC55FD70D8F8535D3C68C160B1?PUBLISHER=/WEB-INF/jsp/tools/documentexecution/documentExecutionNg.jsp&OBJECT_ID=2381&OBJECT_LABEL=asd&SELECTED_ROLE=/demo/admin&IS_FOR_EXPORT=true&hmac_user_name=demo_admin
16:30:18 >> > condition: false
16:30:18 loadInProgress=0
16:30:18 curr=https://spagobitest:48081/knowage/restful-services/publish;jsessionid=1D4B7BFC55FD70D8F8535D3C68C160B1?PUBLISHER=/WEB-INF/jsp/tools/documentexecution/documentExecutionNg.jsp&OBJECT_ID=2381&OBJECT_LABEL=asd&SELECTED_ROLE=/demo/admin&IS_FOR_EXPORT=true&hmac_user_name=demo_admin
16:30:18 >> > condition: false
16:30:19 loadInProgress=0
16:30:19 curr=https://spagobitest:48081/knowage/restful-services/publish;jsessionid=1D4B7BFC55FD70D8F8535D3C68C160B1?PUBLISHER=/WEB-INF/jsp/tools/documentexecution/documentExecutionNg.jsp&OBJECT_ID=2381&OBJECT_LABEL=asd&SELECTED_ROLE=/demo/admin&IS_FOR_EXPORT=true&hmac_user_name=demo_admin
16:30:19 >> > condition: false
16:30:19 loadInProgress=0
16:30:19 curr=https://spagobitest:48081/knowage/restful-services/publish;jsessionid=1D4B7BFC55FD70D8F8535D3C68C160B1?PUBLISHER=/WEB-INF/jsp/tools/documentexecution/documentExecutionNg.jsp&OBJECT_ID=2381&OBJECT_LABEL=asd&SELECTED_ROLE=/demo/admin&IS_FOR_EXPORT=true&hmac_user_name=demo_admin
16:30:19 >> > condition: false
16:30:19 loadInProgress=0
16:30:19 curr=https://spagobitest:48081/knowage/restful-services/publish;jsessionid=1D4B7BFC55FD70D8F8535D3C68C160B1?PUBLISHER=/WEB-INF/jsp/tools/documentexecution/documentExecutionNg.jsp&OBJECT_ID=2381&OBJECT_LABEL=asd&SELECTED_ROLE=/demo/admin&IS_FOR_EXPORT=true&hmac_user_name=demo_admin
16:30:19 >> > condition: false
16:30:19 loadInProgress=0
16:30:19 curr=https://spagobitest:48081/knowage/restful-services/publish;jsessionid=1D4B7BFC55FD70D8F8535D3C68C160B1?PUBLISHER=/WEB-INF/jsp/tools/documentexecution/documentExecutionNg.jsp&OBJECT_ID=2381&OBJECT_LABEL=asd&SELECTED_ROLE=/demo/admin&IS_FOR_EXPORT=true&hmac_user_name=demo_admin
16:30:19 >> > condition: false
16:30:20 loadInProgress=0
16:30:20 curr=https://spagobitest:48081/knowage/restful-services/publish;jsessionid=1D4B7BFC55FD70D8F8535D3C68C160B1?PUBLISHER=/WEB-INF/jsp/tools/documentexecution/documentExecutionNg.jsp&OBJECT_ID=2381&OBJECT_LABEL=asd&SELECTED_ROLE=/demo/admin&IS_FOR_EXPORT=true&hmac_user_name=demo_admin
16:30:20 >> > condition: false
16:30:20 loadInProgress=0
16:30:20 curr=https://spagobitest:48081/knowage/restful-services/publish;jsessionid=1D4B7BFC55FD70D8F8535D3C68C160B1?PUBLISHER=/WEB-INF/jsp/tools/documentexecution/documentExecutionNg.jsp&OBJECT_ID=2381&OBJECT_LABEL=asd&SELECTED_ROLE=/demo/admin&IS_FOR_EXPORT=true&hmac_user_name=demo_admin
16:30:20 >> > condition: false
16:30:20 loadInProgress=0
16:30:20 curr=https://spagobitest:48081/knowage/restful-services/publish;jsessionid=1D4B7BFC55FD70D8F8535D3C68C160B1?PUBLISHER=/WEB-INF/jsp/tools/documentexecution/documentExecutionNg.jsp&OBJECT_ID=2381&OBJECT_LABEL=asd&SELECTED_ROLE=/demo/admin&IS_FOR_EXPORT=true&hmac_user_name=demo_admin
16:30:20 >> > condition: false
16:30:20 loadInProgress=0
16:30:20 curr=https://spagobitest:48081/knowage/restful-services/publish;jsessionid=1D4B7BFC55FD70D8F8535D3C68C160B1?PUBLISHER=/WEB-INF/jsp/tools/documentexecution/documentExecutionNg.jsp&OBJECT_ID=2381&OBJECT_LABEL=asd&SELECTED_ROLE=/demo/admin&IS_FOR_EXPORT=true&hmac_user_name=demo_admin
16:30:20 >> > condition: false
16:30:21 loadInProgress=0
16:30:21 curr=https://spagobitest:48081/knowage/restful-services/publish;jsessionid=1D4B7BFC55FD70D8F8535D3C68C160B1?PUBLISHER=/WEB-INF/jsp/tools/documentexecution/documentExecutionNg.jsp&OBJECT_ID=2381&OBJECT_LABEL=asd&SELECTED_ROLE=/demo/admin&IS_FOR_EXPORT=true&hmac_user_name=demo_admin
16:30:21 >> > condition: false
16:30:21 loadInProgress=0
16:30:21 curr=https://spagobitest:48081/knowage/restful-services/publish;jsessionid=1D4B7BFC55FD70D8F8535D3C68C160B1?PUBLISHER=/WEB-INF/jsp/tools/documentexecution/documentExecutionNg.jsp&OBJECT_ID=2381&OBJECT_LABEL=asd&SELECTED_ROLE=/demo/admin&IS_FOR_EXPORT=true&hmac_user_name=demo_admin
16:30:21 >> > condition: false
16:30:21 loadInProgress=0
16:30:21 curr=https://spagobitest:48081/knowage/restful-services/publish;jsessionid=1D4B7BFC55FD70D8F8535D3C68C160B1?PUBLISHER=/WEB-INF/jsp/tools/documentexecution/documentExecutionNg.jsp&OBJECT_ID=2381&OBJECT_LABEL=asd&SELECTED_ROLE=/demo/admin&IS_FOR_EXPORT=true&hmac_user_name=demo_admin
16:30:21 >> > condition: false
16:30:21 loadInProgress=0
16:30:21 curr=https://spagobitest:48081/knowage/restful-services/publish;jsessionid=1D4B7BFC55FD70D8F8535D3C68C160B1?PUBLISHER=/WEB-INF/jsp/tools/documentexecution/documentExecutionNg.jsp&OBJECT_ID=2381&OBJECT_LABEL=asd&SELECTED_ROLE=/demo/admin&IS_FOR_EXPORT=true&hmac_user_name=demo_admin
16:30:21 >> > condition: false
16:30:22 loadInProgress=0
16:30:22 curr=https://spagobitest:48081/knowage/restful-services/publish;jsessionid=1D4B7BFC55FD70D8F8535D3C68C160B1?PUBLISHER=/WEB-INF/jsp/tools/documentexecution/documentExecutionNg.jsp&OBJECT_ID=2381&OBJECT_LABEL=asd&SELECTED_ROLE=/demo/admin&IS_FOR_EXPORT=true&hmac_user_name=demo_admin
16:30:22 >> > condition: false
16:30:22 loadInProgress=0
16:30:22 curr=https://spagobitest:48081/knowage/restful-services/publish;jsessionid=1D4B7BFC55FD70D8F8535D3C68C160B1?PUBLISHER=/WEB-INF/jsp/tools/documentexecution/documentExecutionNg.jsp&OBJECT_ID=2381&OBJECT_LABEL=asd&SELECTED_ROLE=/demo/admin&IS_FOR_EXPORT=true&hmac_user_name=demo_admin
16:30:22 >> > condition: false
16:30:22 loadInProgress=0
16:30:22 curr=https://spagobitest:48081/knowage/restful-services/publish;jsessionid=1D4B7BFC55FD70D8F8535D3C68C160B1?PUBLISHER=/WEB-INF/jsp/tools/documentexecution/documentExecutionNg.jsp&OBJECT_ID=2381&OBJECT_LABEL=asd&SELECTED_ROLE=/demo/admin&IS_FOR_EXPORT=true&hmac_user_name=demo_admin
16:30:22 >> > condition: false
16:30:22 loadInProgress=0
16:30:22 curr=https://spagobitest:48081/knowage/restful-services/publish;jsessionid=1D4B7BFC55FD70D8F8535D3C68C160B1?PUBLISHER=/WEB-INF/jsp/tools/documentexecution/documentExecutionNg.jsp&OBJECT_ID=2381&OBJECT_LABEL=asd&SELECTED_ROLE=/demo/admin&IS_FOR_EXPORT=true&hmac_user_name=demo_admin
16:30:22 >> > condition: false
16:30:23 loadInProgress=0
16:30:23 curr=https://spagobitest:48081/knowage/restful-services/publish;jsessionid=1D4B7BFC55FD70D8F8535D3C68C160B1?PUBLISHER=/WEB-INF/jsp/tools/documentexecution/documentExecutionNg.jsp&OBJECT_ID=2381&OBJECT_LABEL=asd&SELECTED_ROLE=/demo/admin&IS_FOR_EXPORT=true&hmac_user_name=demo_admin
16:30:23 >> > condition: false
16:30:23 loadInProgress=0
16:30:23 curr=https://spagobitest:48081/knowage/restful-services/publish;jsessionid=1D4B7BFC55FD70D8F8535D3C68C160B1?PUBLISHER=/WEB-INF/jsp/tools/documentexecution/documentExecutionNg.jsp&OBJECT_ID=2381&OBJECT_LABEL=asd&SELECTED_ROLE=/demo/admin&IS_FOR_EXPORT=true&hmac_user_name=demo_admin
16:30:23 >> > condition: false
16:30:23 loadInProgress=0
16:30:23 curr=https://spagobitest:48081/knowage/restful-services/publish;jsessionid=1D4B7BFC55FD70D8F8535D3C68C160B1?PUBLISHER=/WEB-INF/jsp/tools/documentexecution/documentExecutionNg.jsp&OBJECT_ID=2381&OBJECT_LABEL=asd&SELECTED_ROLE=/demo/admin&IS_FOR_EXPORT=true&hmac_user_name=demo_admin
16:30:23 >> > condition: false
16:30:23 loadInProgress=0
16:30:23 curr=https://spagobitest:48081/knowage/restful-services/publish;jsessionid=1D4B7BFC55FD70D8F8535D3C68C160B1?PUBLISHER=/WEB-INF/jsp/tools/documentexecution/documentExecutionNg.jsp&OBJECT_ID=2381&OBJECT_LABEL=asd&SELECTED_ROLE=/demo/admin&IS_FOR_EXPORT=true&hmac_user_name=demo_admin
16:30:23 >> > condition: false
16:30:24 loadInProgress=0
16:30:24 curr=https://spagobitest:48081/knowage/restful-services/publish;jsessionid=1D4B7BFC55FD70D8F8535D3C68C160B1?PUBLISHER=/WEB-INF/jsp/tools/documentexecution/documentExecutionNg.jsp&OBJECT_ID=2381&OBJECT_LABEL=asd&SELECTED_ROLE=/demo/admin&IS_FOR_EXPORT=true&hmac_user_name=demo_admin
16:30:24 >> > condition: false
16:30:24 loadInProgress=0
16:30:24 curr=https://spagobitest:48081/knowage/restful-services/publish;jsessionid=1D4B7BFC55FD70D8F8535D3C68C160B1?PUBLISHER=/WEB-INF/jsp/tools/documentexecution/documentExecutionNg.jsp&OBJECT_ID=2381&OBJECT_LABEL=asd&SELECTED_ROLE=/demo/admin&IS_FOR_EXPORT=true&hmac_user_name=demo_admin
16:30:24 >> > condition: false
16:30:24 loadInProgress=0
16:30:24 curr=https://spagobitest:48081/knowage/restful-services/publish;jsessionid=1D4B7BFC55FD70D8F8535D3C68C160B1?PUBLISHER=/WEB-INF/jsp/tools/documentexecution/documentExecutionNg.jsp&OBJECT_ID=2381&OBJECT_LABEL=asd&SELECTED_ROLE=/demo/admin&IS_FOR_EXPORT=true&hmac_user_name=demo_admin
16:30:24 >> > condition: false
16:30:24 loadInProgress=0
16:30:24 curr=https://spagobitest:48081/knowage/restful-services/publish;jsessionid=1D4B7BFC55FD70D8F8535D3C68C160B1?PUBLISHER=/WEB-INF/jsp/tools/documentexecution/documentExecutionNg.jsp&OBJECT_ID=2381&OBJECT_LABEL=asd&SELECTED_ROLE=/demo/admin&IS_FOR_EXPORT=true&hmac_user_name=demo_admin
16:30:24 >> > condition: false
16:30:25 loadInProgress=0
16:30:25 curr=https://spagobitest:48081/knowage/restful-services/publish;jsessionid=1D4B7BFC55FD70D8F8535D3C68C160B1?PUBLISHER=/WEB-INF/jsp/tools/documentexecution/documentExecutionNg.jsp&OBJECT_ID=2381&OBJECT_LABEL=asd&SELECTED_ROLE=/demo/admin&IS_FOR_EXPORT=true&hmac_user_name=demo_admin
16:30:25 >> > condition: false
16:30:25 loadInProgress=0
16:30:25 curr=https://spagobitest:48081/knowage/restful-services/publish;jsessionid=1D4B7BFC55FD70D8F8535D3C68C160B1?PUBLISHER=/WEB-INF/jsp/tools/documentexecution/documentExecutionNg.jsp&OBJECT_ID=2381&OBJECT_LABEL=asd&SELECTED_ROLE=/demo/admin&IS_FOR_EXPORT=true&hmac_user_name=demo_admin
16:30:25 >> > condition: false
16:30:25 loadInProgress=0
16:30:25 curr=https://spagobitest:48081/knowage/restful-services/publish;jsessionid=1D4B7BFC55FD70D8F8535D3C68C160B1?PUBLISHER=/WEB-INF/jsp/tools/documentexecution/documentExecutionNg.jsp&OBJECT_ID=2381&OBJECT_LABEL=asd&SELECTED_ROLE=/demo/admin&IS_FOR_EXPORT=true&hmac_user_name=demo_admin
16:30:25 >> > condition: false
16:30:25 loadInProgress=0
16:30:25 curr=https://spagobitest:48081/knowage/restful-services/publish;jsessionid=1D4B7BFC55FD70D8F8535D3C68C160B1?PUBLISHER=/WEB-INF/jsp/tools/documentexecution/documentExecutionNg.jsp&OBJECT_ID=2381&OBJECT_LABEL=asd&SELECTED_ROLE=/demo/admin&IS_FOR_EXPORT=true&hmac_user_name=demo_admin
16:30:25 >> > condition: false
16:30:26 loadInProgress=0
16:30:26 curr=https://spagobitest:48081/knowage/restful-services/publish;jsessionid=1D4B7BFC55FD70D8F8535D3C68C160B1?PUBLISHER=/WEB-INF/jsp/tools/documentexecution/documentExecutionNg.jsp&OBJECT_ID=2381&OBJECT_LABEL=asd&SELECTED_ROLE=/demo/admin&IS_FOR_EXPORT=true&hmac_user_name=demo_admin
16:30:26 >> > condition: false
16:30:26 loadInProgress=0
16:30:26 curr=https://spagobitest:48081/knowage/restful-services/publish;jsessionid=1D4B7BFC55FD70D8F8535D3C68C160B1?PUBLISHER=/WEB-INF/jsp/tools/documentexecution/documentExecutionNg.jsp&OBJECT_ID=2381&OBJECT_LABEL=asd&SELECTED_ROLE=/demo/admin&IS_FOR_EXPORT=true&hmac_user_name=demo_admin
16:30:26 >> > condition: false
16:30:26 loadInProgress=0
16:30:26 curr=https://spagobitest:48081/knowage/restful-services/publish;jsessionid=1D4B7BFC55FD70D8F8535D3C68C160B1?PUBLISHER=/WEB-INF/jsp/tools/documentexecution/documentExecutionNg.jsp&OBJECT_ID=2381&OBJECT_LABEL=asd&SELECTED_ROLE=/demo/admin&IS_FOR_EXPORT=true&hmac_user_name=demo_admin
16:30:26 >> > condition: false
16:30:26 loadInProgress=0
16:30:26 curr=https://spagobitest:48081/knowage/restful-services/publish;jsessionid=1D4B7BFC55FD70D8F8535D3C68C160B1?PUBLISHER=/WEB-INF/jsp/tools/documentexecution/documentExecutionNg.jsp&OBJECT_ID=2381&OBJECT_LABEL=asd&SELECTED_ROLE=/demo/admin&IS_FOR_EXPORT=true&hmac_user_name=demo_admin
16:30:26 >> > condition: false
16:30:27 loadInProgress=0
16:30:27 curr=https://spagobitest:48081/knowage/restful-services/publish;jsessionid=1D4B7BFC55FD70D8F8535D3C68C160B1?PUBLISHER=/WEB-INF/jsp/tools/documentexecution/documentExecutionNg.jsp&OBJECT_ID=2381&OBJECT_LABEL=asd&SELECTED_ROLE=/demo/admin&IS_FOR_EXPORT=true&hmac_user_name=demo_admin
16:30:27 >> > condition: false
16:30:27 loadInProgress=0
16:30:27 curr=https://spagobitest:48081/knowage/restful-services/publish;jsessionid=1D4B7BFC55FD70D8F8535D3C68C160B1?PUBLISHER=/WEB-INF/jsp/tools/documentexecution/documentExecutionNg.jsp&OBJECT_ID=2381&OBJECT_LABEL=asd&SELECTED_ROLE=/demo/admin&IS_FOR_EXPORT=true&hmac_user_name=demo_admin
16:30:27 >> > condition: false
16:30:27 loadInProgress=0
16:30:27 curr=https://spagobitest:48081/knowage/restful-services/publish;jsessionid=1D4B7BFC55FD70D8F8535D3C68C160B1?PUBLISHER=/WEB-INF/jsp/tools/documentexecution/documentExecutionNg.jsp&OBJECT_ID=2381&OBJECT_LABEL=asd&SELECTED_ROLE=/demo/admin&IS_FOR_EXPORT=true&hmac_user_name=demo_admin
16:30:27 >> > condition: false
16:30:27 loadInProgress=0
16:30:27 curr=https://spagobitest:48081/knowage/restful-services/publish;jsessionid=1D4B7BFC55FD70D8F8535D3C68C160B1?PUBLISHER=/WEB-INF/jsp/tools/documentexecution/documentExecutionNg.jsp&OBJECT_ID=2381&OBJECT_LABEL=asd&SELECTED_ROLE=/demo/admin&IS_FOR_EXPORT=true&hmac_user_name=demo_admin
16:30:27 >> > condition: false
16:30:28 loadInProgress=0
16:30:28 curr=https://spagobitest:48081/knowage/restful-services/publish;jsessionid=1D4B7BFC55FD70D8F8535D3C68C160B1?PUBLISHER=/WEB-INF/jsp/tools/documentexecution/documentExecutionNg.jsp&OBJECT_ID=2381&OBJECT_LABEL=asd&SELECTED_ROLE=/demo/admin&IS_FOR_EXPORT=true&hmac_user_name=demo_admin
16:30:28 >> > condition: false
16:30:28 loadInProgress=0
16:30:28 curr=https://spagobitest:48081/knowage/restful-services/publish;jsessionid=1D4B7BFC55FD70D8F8535D3C68C160B1?PUBLISHER=/WEB-INF/jsp/tools/documentexecution/documentExecutionNg.jsp&OBJECT_ID=2381&OBJECT_LABEL=asd&SELECTED_ROLE=/demo/admin&IS_FOR_EXPORT=true&hmac_user_name=demo_admin
16:30:28 >> > condition: false
16:30:28 loadInProgress=0
16:30:28 curr=https://spagobitest:48081/knowage/restful-services/publish;jsessionid=1D4B7BFC55FD70D8F8535D3C68C160B1?PUBLISHER=/WEB-INF/jsp/tools/documentexecution/documentExecutionNg.jsp&OBJECT_ID=2381&OBJECT_LABEL=asd&SELECTED_ROLE=/demo/admin&IS_FOR_EXPORT=true&hmac_user_name=demo_admin
16:30:28 >> > condition: false
16:30:28 loadInProgress=0
16:30:28 curr=https://spagobitest:48081/knowage/restful-services/publish;jsessionid=1D4B7BFC55FD70D8F8535D3C68C160B1?PUBLISHER=/WEB-INF/jsp/tools/documentexecution/documentExecutionNg.jsp&OBJECT_ID=2381&OBJECT_LABEL=asd&SELECTED_ROLE=/demo/admin&IS_FOR_EXPORT=true&hmac_user_name=demo_admin
16:30:28 >> > condition: false
16:30:29 loadInProgress=0
16:30:29 curr=https://spagobitest:48081/knowage/restful-services/publish;jsessionid=1D4B7BFC55FD70D8F8535D3C68C160B1?PUBLISHER=/WEB-INF/jsp/tools/documentexecution/documentExecutionNg.jsp&OBJECT_ID=2381&OBJECT_LABEL=asd&SELECTED_ROLE=/demo/admin&IS_FOR_EXPORT=true&hmac_user_name=demo_admin
16:30:29 >> > condition: false
16:30:29 loadInProgress=0
16:30:29 curr=https://spagobitest:48081/knowage/restful-services/publish;jsessionid=1D4B7BFC55FD70D8F8535D3C68C160B1?PUBLISHER=/WEB-INF/jsp/tools/documentexecution/documentExecutionNg.jsp&OBJECT_ID=2381&OBJECT_LABEL=asd&SELECTED_ROLE=/demo/admin&IS_FOR_EXPORT=true&hmac_user_name=demo_admin
16:30:29 >> > condition: false
16:30:29 loadInProgress=0
16:30:29 curr=https://spagobitest:48081/knowage/restful-services/publish;jsessionid=1D4B7BFC55FD70D8F8535D3C68C160B1?PUBLISHER=/WEB-INF/jsp/tools/documentexecution/documentExecutionNg.jsp&OBJECT_ID=2381&OBJECT_LABEL=asd&SELECTED_ROLE=/demo/admin&IS_FOR_EXPORT=true&hmac_user_name=demo_admin
16:30:29 >> > condition: false
16:30:29 loadInProgress=0
16:30:29 curr=https://spagobitest:48081/knowage/restful-services/publish;jsessionid=1D4B7BFC55FD70D8F8535D3C68C160B1?PUBLISHER=/WEB-INF/jsp/tools/documentexecution/documentExecutionNg.jsp&OBJECT_ID=2381&OBJECT_LABEL=asd&SELECTED_ROLE=/demo/admin&IS_FOR_EXPORT=true&hmac_user_name=demo_admin
16:30:29 >> > condition: false
16:30:30 loadInProgress=0
16:30:30 curr=https://spagobitest:48081/knowage/restful-services/publish;jsessionid=1D4B7BFC55FD70D8F8535D3C68C160B1?PUBLISHER=/WEB-INF/jsp/tools/documentexecution/documentExecutionNg.jsp&OBJECT_ID=2381&OBJECT_LABEL=asd&SELECTED_ROLE=/demo/admin&IS_FOR_EXPORT=true&hmac_user_name=demo_admin
16:30:30 >> > condition: false
16:30:30 loadInProgress=0
16:30:30 curr=https://spagobitest:48081/knowage/restful-services/publish;jsessionid=1D4B7BFC55FD70D8F8535D3C68C160B1?PUBLISHER=/WEB-INF/jsp/tools/documentexecution/documentExecutionNg.jsp&OBJECT_ID=2381&OBJECT_LABEL=asd&SELECTED_ROLE=/demo/admin&IS_FOR_EXPORT=true&hmac_user_name=demo_admin
16:30:30 >> > condition: false
16:30:30 Warning: 'waitFor()' timeout
16:30:30 wait 2 ok
16:30:35 onPageLoaded
16:30:35 doRender() sheet 0
16:30:35 doRender() error: TypeError: undefined is not an object (evaluating 'iframe[0].getBoundingClientRect')
16:30:35 captured: /home/spagobi/knowage-apache-tomcat-7_0.png
16:30:35 totSheets=0
16:30:35 /home/spagobi/knowage-apache-tomcat-7_0.png
16:31:30 onPageLoaded
16:31:30 doRender() sheet 1
